2023-06-13 15:50:50.114 [info] Log level: Info
2023-06-13 15:50:50.114 [info] Validating found git in: "git"
2023-06-13 15:50:50.114 [info] Using git "2.41.0" from "git"
2023-06-13 15:50:50.114 [info] > git rev-parse --show-toplevel [5ms]
2023-06-13 15:50:50.114 [info] > git rev-parse --git-dir --git-common-dir [3ms]
2023-06-13 15:50:50.114 [info] Open repository: /home/zoro/Zoro/Java-Dsa
2023-06-13 15:50:50.114 [info] > git rev-parse --show-toplevel [7ms]
2023-06-13 15:50:50.114 [info] > git rev-parse --show-toplevel [38ms]
2023-06-13 15:50:50.114 [info] > git config --get commit.template [47ms]
2023-06-13 15:50:50.114 [info] > git rev-parse --show-toplevel [15ms]
2023-06-13 15:50:50.115 [info] > git rev-parse --show-toplevel [7ms]
2023-06-13 15:50:50.119 [info] > git for-each-ref --format=%(refname)%00%(upstream:short)%00%(objectname)%00%(upstream:track)%00%(upstream:remotename)%00%(upstream:remoteref) refs/heads/master refs/remotes/master [6ms]
2023-06-13 15:50:50.126 [info] > git rev-parse --show-toplevel [8ms]
2023-06-13 15:50:50.127 [info] > git status -z -uall --find-renames=50% [3ms]
2023-06-13 15:50:50.137 [info] > git config --get commit.template [1ms]
2023-06-13 15:50:50.143 [info] > git for-each-ref --format=%(refname)%00%(upstream:short)%00%(objectname)%00%(upstream:track)%00%(upstream:remotename)%00%(upstream:remoteref) refs/heads/master refs/remotes/master [1ms]
2023-06-13 15:50:50.158 [info] > git status -z -uall --find-renames=50% [9ms]
2023-06-13 15:50:50.447 [info] > git show --textconv :Java-IO/OutputFormatting.java [10ms]
2023-06-13 15:50:50.449 [info] > git ls-files --stage -- /home/zoro/Zoro/Java-Dsa/Java-IO/OutputFormatting.java [2ms]
2023-06-13 15:50:50.458 [info] > git cat-file -s 866165f91c07cf0b8c3d85a46e9e7997e243421f [2ms]
2023-06-13 15:50:50.596 [info] > git check-ignore -v -z --stdin [3ms]
